Performing C SOURCE FILE Test CMAKE_HAVE_LIBC_PTHREAD failed with the following output:
Change Dir: /code/promhttp/build/CMakeFiles/CMakeTmp

Run Build Command(s):/usr/bin/make cmTC_4d091/fast && /usr/bin/make -f CMakeFiles/cmTC_4d091.dir/build.make CMakeFiles/cmTC_4d091.dir/build
make[1]: Entering directory '/code/promhttp/build/CMakeFiles/CMakeTmp'
Building C object CMakeFiles/cmTC_4d091.dir/src.c.o
/usr/bin/gcc   -DCMAKE_HAVE_LIBC_PTHREAD   -std=gnu11 -o CMakeFiles/cmTC_4d091.dir/src.c.o   -c /code/promhttp/build/CMakeFiles/CMakeTmp/src.c
Linking C executable cmTC_4d091
/usr/local/bin/cmake -E cmake_link_script CMakeFiles/cmTC_4d091.dir/link.txt --verbose=1
/usr/bin/gcc  -DCMAKE_HAVE_LIBC_PTHREAD    CMakeFiles/cmTC_4d091.dir/src.c.o  -o cmTC_4d091 
CMakeFiles/cmTC_4d091.dir/src.c.o: In function `main':
src.c:(.text+0x3e): undefined reference to `pthread_create'
src.c:(.text+0x4a): undefined reference to `pthread_detach'
src.c:(.text+0x5b): undefined reference to `pthread_join'
src.c:(.text+0x6f): undefined reference to `pthread_atfork'
collect2: error: ld returned 1 exit status
CMakeFiles/cmTC_4d091.dir/build.make:86: recipe for target 'cmTC_4d091' failed
make[1]: *** [cmTC_4d091] Error 1
make[1]: Leaving directory '/code/promhttp/build/CMakeFiles/CMakeTmp'
Makefile:121: recipe for target 'cmTC_4d091/fast' failed
make: *** [cmTC_4d091/fast] Error 2


Source file was:
#include <pthread.h>

void* test_func(void* data)
{
  return data;
}

int main(void)
{
  pthread_t thread;
  pthread_create(&thread, NULL, test_func, NULL);
  pthread_detach(thread);
  pthread_join(thread, NULL);
  pthread_atfork(NULL, NULL, NULL);
  pthread_exit(NULL);

  return 0;
}

Determining if the function pthread_create exists in the pthreads failed with the following output:
Change Dir: /code/promhttp/build/CMakeFiles/CMakeTmp

Run Build Command(s):/usr/bin/make cmTC_3fc47/fast && /usr/bin/make -f CMakeFiles/cmTC_3fc47.dir/build.make CMakeFiles/cmTC_3fc47.dir/build
make[1]: Entering directory '/code/promhttp/build/CMakeFiles/CMakeTmp'
Building C object CMakeFiles/cmTC_3fc47.dir/CheckFunctionExists.c.o
/usr/bin/gcc   -DCHECK_FUNCTION_EXISTS=pthread_create   -std=gnu11 -o CMakeFiles/cmTC_3fc47.dir/CheckFunctionExists.c.o   -c /usr/local/share/cmake-3.15/Modules/CheckFunctionExists.c
Linking C executable cmTC_3fc47
/usr/local/bin/cmake -E cmake_link_script CMakeFiles/cmTC_3fc47.dir/link.txt --verbose=1
/usr/bin/gcc  -DCHECK_FUNCTION_EXISTS=pthread_create    CMakeFiles/cmTC_3fc47.dir/CheckFunctionExists.c.o  -o cmTC_3fc47 -lpthreads 
/usr/bin/ld: cannot find -lpthreads
collect2: error: ld returned 1 exit status
CMakeFiles/cmTC_3fc47.dir/build.make:86: recipe for target 'cmTC_3fc47' failed
make[1]: *** [cmTC_3fc47] Error 1
make[1]: Leaving directory '/code/promhttp/build/CMakeFiles/CMakeTmp'
Makefile:121: recipe for target 'cmTC_3fc47/fast' failed
make: *** [cmTC_3fc47/fast] Error 2



